<?xml version="1.0" encoding="UTF-8"?>
<!-- Generated by org.testng.reporters.JUnitReportReporter -->
<testsuite hostname="VITTHAL" name="brosersOperations.VarificationOfActitime" tests="1" failures="0" timestamp="1 Feb 2023 11:13:38 GMT" time="33.376" errors="0">
  <testcase name="Verify_Acti_Time_On_Chrome" time="33.376" classname="brosersOperations.VarificationOfActitime"/>
</testsuite> <!-- brosersOperations.VarificationOfActitime -->
