<?xml version="1.0" encoding="UTF-8"?>
<!-- Generated by org.testng.reporters.JUnitReportReporter -->
<testsuite skipped="0" hostname="VITTHAL" name="testNG.TestNGBasics2" tests="2" failures="0" timestamp="2023-02-06T13:22:59 IST" time="0.009" errors="0">
  <testcase name="test_NG_Basics" time="0.001" classname="testNG.TestNGBasics2"/>
  <system-out/>
  <testcase name="Basics_Testng" time="0.008" classname="testNG.TestNGBasics2"/>
  <system-out/>
</testsuite> <!-- testNG.TestNGBasics2 -->
