<?xml version="1.0" encoding="UTF-8"?>
<!-- Generated by org.testng.reporters.JUnitReportReporter -->
<testsuite skipped="1" hostname="VITTHAL" name="testNG.TestNGArguments" tests="12" failures="0" timestamp="2023-02-06T13:41:12 IST" time="0.020" errors="0">
  <testcase name="login" time="0.000" classname="testNG.TestNGArguments"/>
  <system-out/>
  <testcase name="Forward_the_mailMail" time="0.000" classname="testNG.TestNGArguments"/>
  <system-out/>
  <testcase name="login" time="0.005" classname="testNG.TestNGArguments"/>
  <system-out/>
  <testcase name="SendMail" time="0.000" classname="testNG.TestNGArguments"/>
  <system-out/>
  <testcase name="login" time="0.000" classname="testNG.TestNGArguments"/>
  <system-out/>
  <testcase name="Mail" time="0.000" classname="testNG.TestNGArguments"/>
  <system-out/>
  <testcase name="login" time="0.005" classname="testNG.TestNGArguments"/>
  <system-out/>
  <testcase name="Browser" time="0.005" classname="testNG.TestNGArguments"/>
  <system-out/>
  <testcase name="openBrowser" time="0.005" classname="testNG.TestNGArguments"/>
  <system-out/>
  <testcase name="logout1" time="0.000" classname="testNG.TestNGArguments"/>
  <system-out/>
  <testcase name="logout" time="0.000" classname="testNG.TestNGArguments"/>
  <system-out/>
  <testcase name="DeletMail" classname="testNG.TestNGArguments">
    <skipped/>
  </testcase> <!-- DeletMail -->
  <system-out/>
</testsuite> <!-- testNG.TestNGArguments -->
