<?xml version="1.0" encoding="UTF-8"?>
<!-- Generated by org.testng.reporters.JUnitReportReporter -->
<testsuite hostname="VITTHAL" name="brosersOperations.AmazonAssignment" tests="1" failures="0" timestamp="1 Feb 2023 17:58:23 GMT" time="15.886" errors="0">
  <testcase name="Assignment_On_Amazon" time="15.886" classname="brosersOperations.AmazonAssignment"/>
</testsuite> <!-- brosersOperations.AmazonAssignment -->
