<?xml version="1.0" encoding="UTF-8"?>
<!-- Generated by org.testng.reporters.JUnitReportReporter -->
<testsuite skipped="0" hostname="VITTHAL" name="testNG.Annotations" tests="2" failures="0" timestamp="2023-02-06T14:07:50 IST" time="0.005" errors="0">
  <testcase name="Test1" time="0.005" classname="testNG.Annotations"/>
  <system-out/>
  <testcase name="Test2" time="0.000" classname="testNG.Annotations"/>
  <system-out/>
</testsuite> <!-- testNG.Annotations -->
