<?xml version="1.0" encoding="UTF-8"?>
<!-- Generated by org.testng.reporters.JUnitReportReporter -->
<testsuite hostname="VITTHAL" name="dropDownHandles.DropDown" tests="1" failures="0" timestamp="3 Feb 2023 08:05:58 GMT" time="7.359" errors="0">
  <testcase name="Handle_Dropdown" time="7.359" classname="dropDownHandles.DropDown"/>
</testsuite> <!-- dropDownHandles.DropDown -->
