<?xml version="1.0" encoding="UTF-8"?>
<!-- Generated by org.testng.reporters.JUnitReportReporter -->
<testsuite hostname="VITTHAL" name="brosersOperations.AssTechList" tests="1" failures="0" timestamp="1 Feb 2023 18:09:44 GMT" time="37.262" errors="0">
  <testcase name="TechList_Assign" time="37.262" classname="brosersOperations.AssTechList"/>
</testsuite> <!-- brosersOperations.AssTechList -->
