<?xml version="1.0" encoding="UTF-8"?>
<!-- Generated by org.testng.reporters.JUnitReportReporter -->
<testsuite hostname="VITTHAL" name="dropDownHandles.MultiSelectDropDown" tests="1" failures="0" timestamp="3 Feb 2023 11:54:45 GMT" time="25.900" errors="0">
  <testcase name="Multi_Select_Dropdown" time="25.900" classname="dropDownHandles.MultiSelectDropDown"/>
</testsuite> <!-- dropDownHandles.MultiSelectDropDown -->
