<?xml version="1.0" encoding="UTF-8"?>
<!-- Generated by org.testng.reporters.JUnitReportReporter -->
<testsuite hostname="VITTHAL" name="brosersOperations.BAsicsOperations" tests="1" failures="0" timestamp="17 Jan 2023 16:38:16 GMT" time="37.909" errors="0">
  <testcase name="basicsOperation" time="37.909" classname="brosersOperations.BAsicsOperations"/>
</testsuite> <!-- brosersOperations.BAsicsOperations -->
